add bonus for 12qw, have  now have 
add bonus for 123, have  now have 
add bonus for 12qw, have 21000 now have 22000
add bonus for 12qw, have 22000 now have 23000
add bonus for 12qw, have 23000 now have 24000
add bonus for KpowkaLeamure, have  now have 
add bonus for BUBIN010, have 0 now have 1000
add bonus for DarkNight, have  now have 
add bonus for gems, have  now have 
add bonus for muwa, have  now have 
add bonus for CoCo, have  now have 
add bonus for ApmPups, have  now have 
add bonus for MarkII, have  now have 
add bonus for Sdavas, have  now have 
add bonus for 6ypyHDy4ek, have  now have 
add bonus for misha12, have  now have 
add bonus for LuLu44, have  now have 
add bonus for BUBIN010, have 1000 now have 2000
add bonus for ChuckNorris, have  now have 
add bonus for Seidger, have  now have 
add bonus for Seidger, have  now have 
add bonus for DarkNight, have  now have 
add bonus for vokabest, have  now have 
add bonus for Gaben, have  now have 
add bonus for DarkNight, have  now have 
add bonus for ReniKX, have  now have 
add bonus for ChuckNorris, have 0 now have 1000
add bonus for ORRA, have 0 now have 1000
add bonus for Rub1k, have 1000 now have 2000
add bonus for Zoid, have  now have 
add bonus for misha12, have  now have 
add bonus for DarkNight, have  now have 
add bonus for Rub1k, have 2000 now have 3000
add bonus for seftexkar2, have  now have 
add bonus for sasha123, have  now have 
add bonus for ChuckNorris, have 3000 now have 4000
add bonus for DarkNight, have  now have 
add bonus for ORRA, have 4000 now have 5000
add bonus for ORRA, have 5000 now have 6000
add bonus for ChuckNorris, have 6000 now have 7000
add bonus for Kub1k, have 7000 now have 8000
add bonus for Agresser, have  now have 
add bonus for Agresser, have  now have 
add bonus for steelalice1, have  now have 
add bonus for Чахлый, have  now have 
add bonus for steelalice1, have  now have 
add bonus for ChuckNorris, have 0 now have 1000
add bonus for dodo111, have  now have 
